SF:lib\src\pub_base.dart
DA:6,1
DA:31,1
DA:32,1
DA:33,2
DA:34,1
DA:35,1
DA:36,1
DA:41,1
DA:42,1
DA:43,3
DA:44,1
DA:45,1
DA:46,1
DA:47,1
DA:48,1
DA:57,1
DA:58,1
DA:59,3
DA:60,1
DA:61,1
DA:62,1
LF:21
LH:21
end_of_record
SF:lib\src\pub_error.dart
DA:7,1
DA:9,1
DA:11,2
LF:3
LH:3
end_of_record
SF:lib\src\pub_http.dart
DA:11,1
DA:25,1
DA:26,1
DA:27,2
DA:28,1
DA:30,1
DA:31,1
DA:32,1
DA:40,1
DA:41,1
DA:42,4
DA:43,2
DA:50,1
DA:54,1
DA:55,1
DA:57,1
DA:58,4
DA:59,2
LF:18
LH:18
end_of_record
SF:lib\src\pub_scraper.dart
DA:6,1
DA:10,1
DA:11,1
DA:12,2
DA:13,2
DA:14,2
DA:15,2
DA:16,2
DA:17,1
DA:18,1
DA:20,1
DA:30,1
DA:31,2
DA:32,1
DA:36,1
DA:40,1
DA:41,1
DA:42,2
DA:43,2
DA:44,2
DA:45,2
DA:46,2
DA:47,2
DA:48,2
DA:49,3
DA:50,3
DA:51,3
DA:52,1
DA:53,1
DA:54,1
DA:55,2
DA:56,3
DA:58,2
DA:60,1
LF:34
LH:34
end_of_record
SF:lib\src\pub_tester.dart
DA:3,1
DA:4,1
DA:7,1
DA:8,4
DA:13,1
DA:14,2
DA:15,2
DA:16,2
DA:17,2
DA:23,1
DA:25,3
DA:26,3
DA:27,1
DA:33,1
DA:34,1
DA:35,1
DA:36,2
DA:37,3
DA:43,1
DA:44,3
DA:45,3
DA:46,3
DA:47,3
DA:48,3
DA:49,3
DA:50,3
DA:51,3
DA:52,1
DA:53,3
DA:54,2
LF:30
LH:30
end_of_record
SF:lib\src\models\pub_homepage.dart
DA:45,1
DA:53,1
DA:54,1
DA:55,5
DA:57,5
DA:59,5
DA:60,5
DA:65,1
DA:68,1
DA:69,1
DA:70,4
DA:72,1
DA:73,4
DA:75,1
DA:76,4
DA:78,1
DA:79,4
DA:87,3
DA:93,2
DA:94,1
DA:97,1
DA:99,2
DA:100,1
DA:101,1
DA:102,1
DA:105,1
DA:106,1
DA:107,1
DA:108,1
DA:109,1
DA:110,1
LF:31
LH:31
end_of_record
SF:lib\src\models\pub_homepage_package.dart
DA:22,1
DA:30,2
DA:33,1
DA:34,1
DA:35,1
DA:36,1
DA:37,1
DA:38,1
DA:43,1
DA:46,1
DA:47,1
DA:48,1
DA:49,1
DA:50,1
DA:57,3
DA:63,1
DA:64,2
DA:69,1
DA:71,3
DA:72,2
DA:75,1
DA:76,1
DA:77,1
DA:78,1
DA:79,1
DA:80,1
LF:26
LH:26
end_of_record
SF:lib\src\models\pub_package.dart
DA:54,1
DA:69,1
DA:70,1
DA:71,1
DA:72,1
DA:73,1
DA:74,1
DA:75,1
DA:76,1
DA:77,1
DA:78,1
DA:79,1
DA:80,1
DA:81,1
DA:86,1
DA:89,1
DA:90,1
DA:91,1
DA:92,1
DA:93,1
DA:94,1
DA:95,1
DA:96,1
DA:97,1
DA:98,1
DA:99,1
DA:100,3
DA:101,2
DA:109,3
DA:115,1
DA:116,2
DA:120,1
DA:122,3
DA:123,2
DA:124,3
DA:125,2
DA:126,1
DA:127,1
DA:130,1
DA:131,1
DA:132,1
DA:133,1
DA:134,1
DA:135,1
DA:136,1
DA:137,1
DA:138,1
DA:139,1
DA:140,1
DA:141,1
DA:142,1
LF:51
LH:51
end_of_record
SF:lib\src\models\pub_package_list.dart
DA:30,1
DA:31,3
DA:32,3
DA:33,1
DA:41,1
DA:49,1
DA:50,1
DA:51,1
DA:52,1
DA:53,1
DA:54,5
DA:59,1
DA:62,1
DA:63,1
DA:64,1
DA:65,1
DA:66,1
DA:67,4
DA:75,3
DA:81,1
DA:82,2
DA:85,1
DA:86,1
DA:87,1
DA:88,1
DA:89,1
DA:90,1
DA:91,1
DA:94,1
LF:29
LH:29
end_of_record
