SF:lib\src\pub_base.dart
DA:14,1
DA:15,4
DA:16,2
DA:21,3
DA:23,1
DA:27,1
DA:28,1
DA:29,2
DA:30,2
DA:31,2
DA:32,2
DA:33,2
DA:34,1
DA:35,1
DA:47,1
DA:48,3
DA:49,1
DA:50,1
DA:51,1
DA:52,1
DA:53,1
LF:21
LH:21
end_of_record
SF:lib\src\pub_tester.dart
DA:3,1
DA:4,1
DA:9,1
DA:10,2
DA:11,2
DA:12,2
DA:13,2
DA:19,1
DA:21,3
DA:22,3
DA:23,1
LF:11
LH:11
end_of_record
SF:lib\src\models\pub_homepage.dart
DA:41,1
LF:1
LH:1
end_of_record
SF:lib\src\models\pub_package.dart
DA:18,1
DA:26,2
LF:2
LH:2
end_of_record
